{"/Users/pearlynn/taskmaster/backend/server.js": {"path":"/Users/pearlynn/taskmaster/backend/server.js","statementMap":{"0":{"start":{"line":1,"column":0},"end":{"line":1,"column":27}},"1":{"start":{"line":2,"column":16},"end":{"line":2,"column":34}},"2":{"start":{"line":3,"column":12},"end":{"line":3,"column":21}},"3":{"start":{"line":4,"column":13},"end":{"line":4,"column":28}},"4":{"start":{"line":5,"column":13},"end":{"line":5,"column":28}},"5":{"start":{"line":6,"column":20},"end":{"line":6,"column":51}},"6":{"start":{"line":7,"column":19},"end":{"line":7,"column":52}},"7":{"start":{"line":8,"column":21},"end":{"line":8,"column":57}},"8":{"start":{"line":9,"column":18},"end":{"line":9,"column":51}},"9":{"start":{"line":10,"column":21},"end":{"line":10,"column":45}},"10":{"start":{"line":11,"column":20},"end":{"line":11,"column":55}},"11":{"start":{"line":12,"column":17},"end":{"line":12,"column":36}},"12":{"start":{"line":14,"column":18},"end":{"line":14,"column":44}},"13":{"start":{"line":15,"column":13},"end":{"line":15,"column":37}},"14":{"start":{"line":22,"column":0},"end":{"line":22,"column":16}},"15":{"start":{"line":23,"column":0},"end":{"line":23,"column":21}},"16":{"start":{"line":24,"column":0},"end":{"line":24,"column":27}},"17":{"start":{"line":25,"column":0},"end":{"line":25,"column":49}},"18":{"start":{"line":26,"column":0},"end":{"line":26,"column":24}},"19":{"start":{"line":27,"column":0},"end":{"line":27,"column":24}},"20":{"start":{"line":28,"column":0},"end":{"line":28,"column":62}},"21":{"start":{"line":31,"column":0},"end":{"line":31,"column":39}},"22":{"start":{"line":32,"column":0},"end":{"line":32,"column":51}},"23":{"start":{"line":33,"column":0},"end":{"line":33,"column":45}},"24":{"start":{"line":34,"column":0},"end":{"line":34,"column":49}},"25":{"start":{"line":35,"column":0},"end":{"line":35,"column":47}},"26":{"start":{"line":36,"column":0},"end":{"line":36,"column":48}},"27":{"start":{"line":37,"column":0},"end":{"line":37,"column":42}},"28":{"start":{"line":39,"column":0},"end":{"line":39,"column":19}},"29":{"start":{"line":40,"column":0},"end":{"line":40,"column":49}},"30":{"start":{"line":41,"column":0},"end":{"line":41,"column":54}},"31":{"start":{"line":42,"column":0},"end":{"line":42,"column":48}},"32":{"start":{"line":44,"column":0},"end":{"line":53,"column":3}},"33":{"start":{"line":45,"column":4},"end":{"line":45,"column":20}},"34":{"start":{"line":46,"column":4},"end":{"line":52,"column":5}},"35":{"start":{"line":47,"column":8},"end":{"line":47,"column":64}},"36":{"start":{"line":48,"column":11},"end":{"line":52,"column":5}},"37":{"start":{"line":49,"column":8},"end":{"line":49,"column":47}},"38":{"start":{"line":51,"column":8},"end":{"line":51,"column":46}},"39":{"start":{"line":55,"column":0},"end":{"line":55,"column":22}},"40":{"start":{"line":57,"column":0},"end":{"line":60,"column":3}},"41":{"start":{"line":58,"column":4},"end":{"line":58,"column":40}},"42":{"start":{"line":59,"column":4},"end":{"line":59,"column":74}},"43":{"start":{"line":59,"column":27},"end":{"line":59,"column":72}},"44":{"start":{"line":62,"column":0},"end":{"line":62,"column":21}}},"fnMap":{"0":{"name":"(anonymous_0)","decl":{"start":{"line":44,"column":13},"end":{"line":44,"column":14}},"loc":{"start":{"line":44,"column":27},"end":{"line":53,"column":1}},"line":44},"1":{"name":"(anonymous_1)","decl":{"start":{"line":57,"column":33},"end":{"line":57,"column":34}},"loc":{"start":{"line":57,"column":39},"end":{"line":60,"column":1}},"line":57},"2":{"name":"(anonymous_2)","decl":{"start":{"line":59,"column":21},"end":{"line":59,"column":22}},"loc":{"start":{"line":59,"column":27},"end":{"line":59,"column":72}},"line":59}},"branchMap":{"0":{"loc":{"start":{"line":15,"column":13},"end":{"line":15,"column":37}},"type":"binary-expr","locations":[{"start":{"line":15,"column":13},"end":{"line":15,"column":29}},{"start":{"line":15,"column":33},"end":{"line":15,"column":37}}],"line":15},"1":{"loc":{"start":{"line":46,"column":4},"end":{"line":52,"column":5}},"type":"if","locations":[{"start":{"line":46,"column":4},"end":{"line":52,"column":5}},{"start":{"line":48,"column":11},"end":{"line":52,"column":5}}],"line":46},"2":{"loc":{"start":{"line":48,"column":11},"end":{"line":52,"column":5}},"type":"if","locations":[{"start":{"line":48,"column":11},"end":{"line":52,"column":5}},{"start":{"line":50,"column":11},"end":{"line":52,"column":5}}],"line":48}},"s":{"0":1,"1":1,"2":1,"3":1,"4":1,"5":1,"6":1,"7":1,"8":1,"9":1,"10":1,"11":1,"12":1,"13":1,"14":1,"15":1,"16":1,"17":1,"18":1,"19":1,"20":1,"21":1,"22":1,"23":1,"24":1,"25":1,"26":1,"27":1,"28":1,"29":1,"30":1,"31":1,"32":1,"33":0,"34":0,"35":0,"36":0,"37":0,"38":0,"39":1,"40":1,"41":1,"42":1,"43":1,"44":1},"f":{"0":0,"1":1,"2":1},"b":{"0":[1,1],"1":[0,0],"2":[0,0]},"_coverageSchema":"1a1c01bbd47fc00a2c39e90264f33305004495a9","hash":"2b0af626ef69e62ed0723b2c6816e48c95a49bec"}
,"/Users/pearlynn/taskmaster/backend/config/allowedOrigins.js": {"path":"/Users/pearlynn/taskmaster/backend/config/allowedOrigins.js","statementMap":{"0":{"start":{"line":1,"column":23},"end":{"line":6,"column":1}},"1":{"start":{"line":8,"column":0},"end":{"line":8,"column":32}}},"fnMap":{},"branchMap":{},"s":{"0":1,"1":1},"f":{},"b":{},"_coverageSchema":"1a1c01bbd47fc00a2c39e90264f33305004495a9","hash":"e2f0fa65e447d5362ec6641d51979286994a7051"}
,"/Users/pearlynn/taskmaster/backend/config/corsOptions.js": {"path":"/Users/pearlynn/taskmaster/backend/config/corsOptions.js","statementMap":{"0":{"start":{"line":1,"column":23},"end":{"line":1,"column":50}},"1":{"start":{"line":3,"column":20},"end":{"line":12,"column":1}},"2":{"start":{"line":5,"column":8},"end":{"line":9,"column":9}},"3":{"start":{"line":6,"column":12},"end":{"line":6,"column":32}},"4":{"start":{"line":8,"column":12},"end":{"line":8,"column":55}},"5":{"start":{"line":14,"column":0},"end":{"line":14,"column":29}}},"fnMap":{"0":{"name":"(anonymous_0)","decl":{"start":{"line":4,"column":12},"end":{"line":4,"column":13}},"loc":{"start":{"line":4,"column":34},"end":{"line":10,"column":5}},"line":4}},"branchMap":{"0":{"loc":{"start":{"line":5,"column":8},"end":{"line":9,"column":9}},"type":"if","locations":[{"start":{"line":5,"column":8},"end":{"line":9,"column":9}},{"start":{"line":7,"column":15},"end":{"line":9,"column":9}}],"line":5},"1":{"loc":{"start":{"line":5,"column":12},"end":{"line":5,"column":60}},"type":"binary-expr","locations":[{"start":{"line":5,"column":12},"end":{"line":5,"column":49}},{"start":{"line":5,"column":53},"end":{"line":5,"column":60}}],"line":5}},"s":{"0":1,"1":1,"2":8,"3":8,"4":0,"5":1},"f":{"0":8},"b":{"0":[8,0],"1":[8,8]},"_coverageSchema":"1a1c01bbd47fc00a2c39e90264f33305004495a9","hash":"ea309c32d8f948e1cc933b16076d26eb0c2701b4"}
,"/Users/pearlynn/taskmaster/backend/config/dbConn.js": {"path":"/Users/pearlynn/taskmaster/backend/config/dbConn.js","statementMap":{"0":{"start":{"line":1,"column":17},"end":{"line":1,"column":36}},"1":{"start":{"line":3,"column":18},"end":{"line":12,"column":1}},"2":{"start":{"line":4,"column":4},"end":{"line":11,"column":5}},"3":{"start":{"line":5,"column":8},"end":{"line":8,"column":11}},"4":{"start":{"line":10,"column":8},"end":{"line":10,"column":27}},"5":{"start":{"line":14,"column":0},"end":{"line":14,"column":26}}},"fnMap":{"0":{"name":"(anonymous_0)","decl":{"start":{"line":3,"column":18},"end":{"line":3,"column":19}},"loc":{"start":{"line":3,"column":30},"end":{"line":12,"column":1}},"line":3}},"branchMap":{},"s":{"0":1,"1":1,"2":0,"3":0,"4":0,"5":1},"f":{"0":0},"b":{},"_coverageSchema":"1a1c01bbd47fc00a2c39e90264f33305004495a9","hash":"13af41826746146f5c45c3c2e06d6f69e654524e"}
,"/Users/pearlynn/taskmaster/backend/controllers/loginController.js": {"path":"/Users/pearlynn/taskmaster/backend/controllers/loginController.js","statementMap":{"0":{"start":{"line":1,"column":13},"end":{"line":1,"column":37}},"1":{"start":{"line":2,"column":15},"end":{"line":2,"column":32}},"2":{"start":{"line":3,"column":12},"end":{"line":3,"column":35}},"3":{"start":{"line":5,"column":20},"end":{"line":39,"column":1}},"4":{"start":{"line":6,"column":26},"end":{"line":6,"column":34}},"5":{"start":{"line":7,"column":4},"end":{"line":9,"column":5}},"6":{"start":{"line":8,"column":8},"end":{"line":8,"column":90}},"7":{"start":{"line":11,"column":22},"end":{"line":11,"column":67}},"8":{"start":{"line":12,"column":4},"end":{"line":14,"column":5}},"9":{"start":{"line":13,"column":8},"end":{"line":13,"column":35}},"10":{"start":{"line":16,"column":18},"end":{"line":16,"column":63}},"11":{"start":{"line":17,"column":4},"end":{"line":38,"column":5}},"12":{"start":{"line":18,"column":28},"end":{"line":26,"column":9}},"13":{"start":{"line":27,"column":29},"end":{"line":31,"column":9}},"14":{"start":{"line":32,"column":8},"end":{"line":32,"column":46}},"15":{"start":{"line":33,"column":23},"end":{"line":33,"column":45}},"16":{"start":{"line":34,"column":8},"end":{"line":34,"column":121}},"17":{"start":{"line":35,"column":8},"end":{"line":35,"column":34}},"18":{"start":{"line":37,"column":8},"end":{"line":37,"column":28}},"19":{"start":{"line":41,"column":0},"end":{"line":41,"column":33}}},"fnMap":{"0":{"name":"(anonymous_0)","decl":{"start":{"line":5,"column":20},"end":{"line":5,"column":21}},"loc":{"start":{"line":5,"column":40},"end":{"line":39,"column":1}},"line":5}},"branchMap":{"0":{"loc":{"start":{"line":7,"column":4},"end":{"line":9,"column":5}},"type":"if","locations":[{"start":{"line":7,"column":4},"end":{"line":9,"column":5}},{"start":{},"end":{}}],"line":7},"1":{"loc":{"start":{"line":7,"column":8},"end":{"line":7,"column":21}},"type":"binary-expr","locations":[{"start":{"line":7,"column":8},"end":{"line":7,"column":13}},{"start":{"line":7,"column":17},"end":{"line":7,"column":21}}],"line":7},"2":{"loc":{"start":{"line":12,"column":4},"end":{"line":14,"column":5}},"type":"if","locations":[{"start":{"line":12,"column":4},"end":{"line":14,"column":5}},{"start":{},"end":{}}],"line":12},"3":{"loc":{"start":{"line":17,"column":4},"end":{"line":38,"column":5}},"type":"if","locations":[{"start":{"line":17,"column":4},"end":{"line":38,"column":5}},{"start":{"line":36,"column":11},"end":{"line":38,"column":5}}],"line":17}},"s":{"0":1,"1":1,"2":1,"3":1,"4":4,"5":4,"6":0,"7":4,"8":4,"9":0,"10":4,"11":4,"12":4,"13":4,"14":4,"15":4,"16":4,"17":4,"18":0,"19":1},"f":{"0":4},"b":{"0":[0,4],"1":[4,4],"2":[0,4],"3":[4,0]},"_coverageSchema":"1a1c01bbd47fc00a2c39e90264f33305004495a9","hash":"8850c65fe588bf269b3c1ebda16c9c6c2afae894"}
,"/Users/pearlynn/taskmaster/backend/controllers/logoutController.js": {"path":"/Users/pearlynn/taskmaster/backend/controllers/logoutController.js","statementMap":{"0":{"start":{"line":1,"column":13},"end":{"line":1,"column":37}},"1":{"start":{"line":3,"column":21},"end":{"line":20,"column":1}},"2":{"start":{"line":4,"column":20},"end":{"line":4,"column":31}},"3":{"start":{"line":5,"column":4},"end":{"line":7,"column":5}},"4":{"start":{"line":6,"column":8},"end":{"line":6,"column":35}},"5":{"start":{"line":8,"column":25},"end":{"line":8,"column":36}},"6":{"start":{"line":10,"column":22},"end":{"line":10,"column":65}},"7":{"start":{"line":11,"column":4},"end":{"line":14,"column":5}},"8":{"start":{"line":12,"column":8},"end":{"line":12,"column":83}},"9":{"start":{"line":13,"column":8},"end":{"line":13,"column":35}},"10":{"start":{"line":16,"column":4},"end":{"line":16,"column":32}},"11":{"start":{"line":17,"column":19},"end":{"line":17,"column":41}},"12":{"start":{"line":18,"column":4},"end":{"line":18,"column":79}},"13":{"start":{"line":19,"column":4},"end":{"line":19,"column":24}},"14":{"start":{"line":22,"column":0},"end":{"line":22,"column":34}}},"fnMap":{"0":{"name":"(anonymous_0)","decl":{"start":{"line":3,"column":21},"end":{"line":3,"column":22}},"loc":{"start":{"line":3,"column":41},"end":{"line":20,"column":1}},"line":3}},"branchMap":{"0":{"loc":{"start":{"line":5,"column":4},"end":{"line":7,"column":5}},"type":"if","locations":[{"start":{"line":5,"column":4},"end":{"line":7,"column":5}},{"start":{},"end":{}}],"line":5},"1":{"loc":{"start":{"line":11,"column":4},"end":{"line":14,"column":5}},"type":"if","locations":[{"start":{"line":11,"column":4},"end":{"line":14,"column":5}},{"start":{},"end":{}}],"line":11}},"s":{"0":1,"1":1,"2":0,"3":0,"4":0,"5":0,"6":0,"7":0,"8":0,"9":0,"10":0,"11":0,"12":0,"13":0,"14":1},"f":{"0":0},"b":{"0":[0,0],"1":[0,0]},"_coverageSchema":"1a1c01bbd47fc00a2c39e90264f33305004495a9","hash":"cd52c1cd07c6265a544fce0c40d97a0cad5a2130"}
,"/Users/pearlynn/taskmaster/backend/controllers/projectsController.js": {"path":"/Users/pearlynn/taskmaster/backend/controllers/projectsController.js","statementMap":{"0":{"start":{"line":1,"column":16},"end":{"line":1,"column":43}},"1":{"start":{"line":2,"column":17},"end":{"line":2,"column":36}},"2":{"start":{"line":4,"column":23},"end":{"line":15,"column":1}},"3":{"start":{"line":5,"column":4},"end":{"line":14,"column":5}},"4":{"start":{"line":6,"column":25},"end":{"line":6,"column":47}},"5":{"start":{"line":7,"column":8},"end":{"line":9,"column":9}},"6":{"start":{"line":8,"column":12},"end":{"line":8,"column":77}},"7":{"start":{"line":10,"column":8},"end":{"line":10,"column":27}},"8":{"start":{"line":12,"column":8},"end":{"line":12,"column":27}},"9":{"start":{"line":13,"column":8},"end":{"line":13,"column":76}},"10":{"start":{"line":17,"column":25},"end":{"line":32,"column":1}},"11":{"start":{"line":18,"column":4},"end":{"line":20,"column":5}},"12":{"start":{"line":19,"column":8},"end":{"line":19,"column":78}},"13":{"start":{"line":21,"column":4},"end":{"line":31,"column":5}},"14":{"start":{"line":22,"column":23},"end":{"line":26,"column":10}},"15":{"start":{"line":24,"column":44},"end":{"line":24,"column":74}},"16":{"start":{"line":27,"column":8},"end":{"line":27,"column":37}},"17":{"start":{"line":29,"column":8},"end":{"line":29,"column":27}},"18":{"start":{"line":30,"column":8},"end":{"line":30,"column":76}},"19":{"start":{"line":34,"column":22},"end":{"line":56,"column":1}},"20":{"start":{"line":35,"column":20},"end":{"line":35,"column":41}},"21":{"start":{"line":36,"column":27},"end":{"line":36,"column":55}},"22":{"start":{"line":37,"column":29},"end":{"line":37,"column":87}},"23":{"start":{"line":37,"column":55},"end":{"line":37,"column":86}},"24":{"start":{"line":38,"column":4},"end":{"line":40,"column":5}},"25":{"start":{"line":39,"column":8},"end":{"line":39,"column":72}},"26":{"start":{"line":41,"column":4},"end":{"line":55,"column":5}},"27":{"start":{"line":42,"column":8},"end":{"line":44,"column":9}},"28":{"start":{"line":43,"column":12},"end":{"line":43,"column":79}},"29":{"start":{"line":45,"column":24},"end":{"line":45,"column":74}},"30":{"start":{"line":46,"column":8},"end":{"line":48,"column":9}},"31":{"start":{"line":47,"column":12},"end":{"line":47,"column":96}},"32":{"start":{"line":49,"column":8},"end":{"line":49,"column":74}},"33":{"start":{"line":49,"column":37},"end":{"line":49,"column":71}},"34":{"start":{"line":50,"column":23},"end":{"line":50,"column":43}},"35":{"start":{"line":51,"column":8},"end":{"line":51,"column":25}},"36":{"start":{"line":53,"column":8},"end":{"line":53,"column":27}},"37":{"start":{"line":54,"column":8},"end":{"line":54,"column":76}},"38":{"start":{"line":58,"column":22},"end":{"line":67,"column":1}},"39":{"start":{"line":59,"column":4},"end":{"line":66,"column":5}},"40":{"start":{"line":60,"column":19},"end":{"line":60,"column":32}},"41":{"start":{"line":61,"column":8},"end":{"line":61,"column":51}},"42":{"start":{"line":62,"column":8},"end":{"line":62,"column":28}},"43":{"start":{"line":64,"column":8},"end":{"line":64,"column":27}},"44":{"start":{"line":65,"column":8},"end":{"line":65,"column":76}},"45":{"start":{"line":69,"column":19},"end":{"line":83,"column":1}},"46":{"start":{"line":70,"column":4},"end":{"line":82,"column":5}},"47":{"start":{"line":71,"column":8},"end":{"line":73,"column":9}},"48":{"start":{"line":72,"column":12},"end":{"line":72,"column":79}},"49":{"start":{"line":74,"column":24},"end":{"line":74,"column":74}},"50":{"start":{"line":75,"column":8},"end":{"line":77,"column":9}},"51":{"start":{"line":76,"column":12},"end":{"line":76,"column":96}},"52":{"start":{"line":78,"column":8},"end":{"line":78,"column":26}},"53":{"start":{"line":80,"column":8},"end":{"line":80,"column":27}},"54":{"start":{"line":81,"column":8},"end":{"line":81,"column":76}},"55":{"start":{"line":85,"column":0},"end":{"line":91,"column":1}}},"fnMap":{"0":{"name":"(anonymous_0)","decl":{"start":{"line":4,"column":23},"end":{"line":4,"column":24}},"loc":{"start":{"line":4,"column":43},"end":{"line":15,"column":1}},"line":4},"1":{"name":"(anonymous_1)","decl":{"start":{"line":17,"column":25},"end":{"line":17,"column":26}},"loc":{"start":{"line":17,"column":45},"end":{"line":32,"column":1}},"line":17},"2":{"name":"(anonymous_2)","decl":{"start":{"line":24,"column":39},"end":{"line":24,"column":40}},"loc":{"start":{"line":24,"column":44},"end":{"line":24,"column":74}},"line":24},"3":{"name":"(anonymous_3)","decl":{"start":{"line":34,"column":22},"end":{"line":34,"column":23}},"loc":{"start":{"line":34,"column":42},"end":{"line":56,"column":1}},"line":34},"4":{"name":"(anonymous_4)","decl":{"start":{"line":37,"column":43},"end":{"line":37,"column":44}},"loc":{"start":{"line":37,"column":55},"end":{"line":37,"column":86}},"line":37},"5":{"name":"(anonymous_5)","decl":{"start":{"line":49,"column":24},"end":{"line":49,"column":25}},"loc":{"start":{"line":49,"column":37},"end":{"line":49,"column":71}},"line":49},"6":{"name":"(anonymous_6)","decl":{"start":{"line":58,"column":22},"end":{"line":58,"column":23}},"loc":{"start":{"line":58,"column":42},"end":{"line":67,"column":1}},"line":58},"7":{"name":"(anonymous_7)","decl":{"start":{"line":69,"column":19},"end":{"line":69,"column":20}},"loc":{"start":{"line":69,"column":39},"end":{"line":83,"column":1}},"line":69}},"branchMap":{"0":{"loc":{"start":{"line":7,"column":8},"end":{"line":9,"column":9}},"type":"if","locations":[{"start":{"line":7,"column":8},"end":{"line":9,"column":9}},{"start":{},"end":{}}],"line":7},"1":{"loc":{"start":{"line":18,"column":4},"end":{"line":20,"column":5}},"type":"if","locations":[{"start":{"line":18,"column":4},"end":{"line":20,"column":5}},{"start":{},"end":{}}],"line":18},"2":{"loc":{"start":{"line":18,"column":8},"end":{"line":18,"column":51}},"type":"binary-expr","locations":[{"start":{"line":18,"column":8},"end":{"line":18,"column":24}},{"start":{"line":18,"column":28},"end":{"line":18,"column":51}}],"line":18},"3":{"loc":{"start":{"line":38,"column":4},"end":{"line":40,"column":5}},"type":"if","locations":[{"start":{"line":38,"column":4},"end":{"line":40,"column":5}},{"start":{},"end":{}}],"line":38},"4":{"loc":{"start":{"line":42,"column":8},"end":{"line":44,"column":9}},"type":"if","locations":[{"start":{"line":42,"column":8},"end":{"line":44,"column":9}},{"start":{},"end":{}}],"line":42},"5":{"loc":{"start":{"line":46,"column":8},"end":{"line":48,"column":9}},"type":"if","locations":[{"start":{"line":46,"column":8},"end":{"line":48,"column":9}},{"start":{},"end":{}}],"line":46},"6":{"loc":{"start":{"line":71,"column":8},"end":{"line":73,"column":9}},"type":"if","locations":[{"start":{"line":71,"column":8},"end":{"line":73,"column":9}},{"start":{},"end":{}}],"line":71},"7":{"loc":{"start":{"line":75,"column":8},"end":{"line":77,"column":9}},"type":"if","locations":[{"start":{"line":75,"column":8},"end":{"line":77,"column":9}},{"start":{},"end":{}}],"line":75}},"s":{"0":1,"1":1,"2":1,"3":1,"4":1,"5":1,"6":0,"7":1,"8":0,"9":0,"10":1,"11":0,"12":0,"13":0,"14":0,"15":0,"16":0,"17":0,"18":0,"19":1,"20":0,"21":0,"22":0,"23":0,"24":0,"25":0,"26":0,"27":0,"28":0,"29":0,"30":0,"31":0,"32":0,"33":0,"34":0,"35":0,"36":0,"37":0,"38":1,"39":0,"40":0,"41":0,"42":0,"43":0,"44":0,"45":1,"46":0,"47":0,"48":0,"49":0,"50":0,"51":0,"52":0,"53":0,"54":0,"55":1},"f":{"0":1,"1":0,"2":0,"3":0,"4":0,"5":0,"6":0,"7":0},"b":{"0":[0,1],"1":[0,0],"2":[0,0],"3":[0,0],"4":[0,0],"5":[0,0],"6":[0,0],"7":[0,0]},"_coverageSchema":"1a1c01bbd47fc00a2c39e90264f33305004495a9","hash":"4400862900785a1a8ad5419e5c117224a69cdff7"}
,"/Users/pearlynn/taskmaster/backend/controllers/refreshTokenController.js": {"path":"/Users/pearlynn/taskmaster/backend/controllers/refreshTokenController.js","statementMap":{"0":{"start":{"line":1,"column":13},"end":{"line":1,"column":37}},"1":{"start":{"line":2,"column":12},"end":{"line":2,"column":35}},"2":{"start":{"line":4,"column":27},"end":{"line":35,"column":1}},"3":{"start":{"line":5,"column":20},"end":{"line":5,"column":31}},"4":{"start":{"line":6,"column":4},"end":{"line":8,"column":5}},"5":{"start":{"line":7,"column":8},"end":{"line":7,"column":35}},"6":{"start":{"line":9,"column":25},"end":{"line":9,"column":36}},"7":{"start":{"line":11,"column":22},"end":{"line":11,"column":65}},"8":{"start":{"line":12,"column":4},"end":{"line":14,"column":5}},"9":{"start":{"line":13,"column":8},"end":{"line":13,"column":35}},"10":{"start":{"line":16,"column":4},"end":{"line":34,"column":6}},"11":{"start":{"line":20,"column":12},"end":{"line":22,"column":13}},"12":{"start":{"line":21,"column":16},"end":{"line":21,"column":43}},"13":{"start":{"line":23,"column":32},"end":{"line":31,"column":13}},"14":{"start":{"line":32,"column":12},"end":{"line":32,"column":37}},"15":{"start":{"line":37,"column":0},"end":{"line":37,"column":40}}},"fnMap":{"0":{"name":"(anonymous_0)","decl":{"start":{"line":4,"column":27},"end":{"line":4,"column":28}},"loc":{"start":{"line":4,"column":47},"end":{"line":35,"column":1}},"line":4},"1":{"name":"(anonymous_1)","decl":{"start":{"line":19,"column":8},"end":{"line":19,"column":9}},"loc":{"start":{"line":19,"column":26},"end":{"line":33,"column":9}},"line":19}},"branchMap":{"0":{"loc":{"start":{"line":6,"column":4},"end":{"line":8,"column":5}},"type":"if","locations":[{"start":{"line":6,"column":4},"end":{"line":8,"column":5}},{"start":{},"end":{}}],"line":6},"1":{"loc":{"start":{"line":12,"column":4},"end":{"line":14,"column":5}},"type":"if","locations":[{"start":{"line":12,"column":4},"end":{"line":14,"column":5}},{"start":{},"end":{}}],"line":12},"2":{"loc":{"start":{"line":20,"column":12},"end":{"line":22,"column":13}},"type":"if","locations":[{"start":{"line":20,"column":12},"end":{"line":22,"column":13}},{"start":{},"end":{}}],"line":20},"3":{"loc":{"start":{"line":20,"column":16},"end":{"line":20,"column":62}},"type":"binary-expr","locations":[{"start":{"line":20,"column":16},"end":{"line":20,"column":19}},{"start":{"line":20,"column":23},"end":{"line":20,"column":62}}],"line":20}},"s":{"0":1,"1":1,"2":1,"3":0,"4":0,"5":0,"6":0,"7":0,"8":0,"9":0,"10":0,"11":0,"12":0,"13":0,"14":0,"15":1},"f":{"0":0,"1":0},"b":{"0":[0,0],"1":[0,0],"2":[0,0],"3":[0,0]},"_coverageSchema":"1a1c01bbd47fc00a2c39e90264f33305004495a9","hash":"570fedd15573f986177f062ebd6dd1ae6d08632d"}
,"/Users/pearlynn/taskmaster/backend/controllers/registerController.js": {"path":"/Users/pearlynn/taskmaster/backend/controllers/registerController.js","statementMap":{"0":{"start":{"line":1,"column":13},"end":{"line":1,"column":37}},"1":{"start":{"line":2,"column":15},"end":{"line":2,"column":32}},"2":{"start":{"line":4,"column":23},"end":{"line":26,"column":1}},"3":{"start":{"line":5,"column":26},"end":{"line":5,"column":34}},"4":{"start":{"line":6,"column":4},"end":{"line":8,"column":5}},"5":{"start":{"line":7,"column":8},"end":{"line":7,"column":90}},"6":{"start":{"line":11,"column":22},"end":{"line":11,"column":67}},"7":{"start":{"line":12,"column":4},"end":{"line":14,"column":5}},"8":{"start":{"line":13,"column":8},"end":{"line":13,"column":35}},"9":{"start":{"line":16,"column":4},"end":{"line":25,"column":5}},"10":{"start":{"line":17,"column":26},"end":{"line":17,"column":52}},"11":{"start":{"line":18,"column":23},"end":{"line":21,"column":10}},"12":{"start":{"line":22,"column":8},"end":{"line":22,"column":73}},"13":{"start":{"line":24,"column":8},"end":{"line":24,"column":57}},"14":{"start":{"line":28,"column":0},"end":{"line":28,"column":36}}},"fnMap":{"0":{"name":"(anonymous_0)","decl":{"start":{"line":4,"column":23},"end":{"line":4,"column":24}},"loc":{"start":{"line":4,"column":43},"end":{"line":26,"column":1}},"line":4}},"branchMap":{"0":{"loc":{"start":{"line":6,"column":4},"end":{"line":8,"column":5}},"type":"if","locations":[{"start":{"line":6,"column":4},"end":{"line":8,"column":5}},{"start":{},"end":{}}],"line":6},"1":{"loc":{"start":{"line":6,"column":8},"end":{"line":6,"column":21}},"type":"binary-expr","locations":[{"start":{"line":6,"column":8},"end":{"line":6,"column":13}},{"start":{"line":6,"column":17},"end":{"line":6,"column":21}}],"line":6},"2":{"loc":{"start":{"line":12,"column":4},"end":{"line":14,"column":5}},"type":"if","locations":[{"start":{"line":12,"column":4},"end":{"line":14,"column":5}},{"start":{},"end":{}}],"line":12}},"s":{"0":1,"1":1,"2":1,"3":0,"4":0,"5":0,"6":0,"7":0,"8":0,"9":0,"10":0,"11":0,"12":0,"13":0,"14":1},"f":{"0":0},"b":{"0":[0,0],"1":[0,0],"2":[0,0]},"_coverageSchema":"1a1c01bbd47fc00a2c39e90264f33305004495a9","hash":"c9272726f47d2dbe9fa69ddb7692646a188639d4"}
,"/Users/pearlynn/taskmaster/backend/controllers/tasksController.js": {"path":"/Users/pearlynn/taskmaster/backend/controllers/tasksController.js","statementMap":{"0":{"start":{"line":1,"column":13},"end":{"line":1,"column":37}},"1":{"start":{"line":2,"column":17},"end":{"line":2,"column":36}},"2":{"start":{"line":31,"column":20},"end":{"line":42,"column":1}},"3":{"start":{"line":32,"column":4},"end":{"line":41,"column":5}},"4":{"start":{"line":33,"column":22},"end":{"line":33,"column":41}},"5":{"start":{"line":34,"column":8},"end":{"line":36,"column":9}},"6":{"start":{"line":35,"column":12},"end":{"line":35,"column":74}},"7":{"start":{"line":37,"column":8},"end":{"line":37,"column":24}},"8":{"start":{"line":39,"column":8},"end":{"line":39,"column":27}},"9":{"start":{"line":40,"column":8},"end":{"line":40,"column":76}},"10":{"start":{"line":44,"column":22},"end":{"line":60,"column":1}},"11":{"start":{"line":45,"column":4},"end":{"line":47,"column":5}},"12":{"start":{"line":46,"column":8},"end":{"line":46,"column":78}},"13":{"start":{"line":48,"column":4},"end":{"line":59,"column":5}},"14":{"start":{"line":49,"column":8},"end":{"line":49,"column":29}},"15":{"start":{"line":50,"column":23},"end":{"line":54,"column":10}},"16":{"start":{"line":55,"column":8},"end":{"line":55,"column":37}},"17":{"start":{"line":57,"column":8},"end":{"line":57,"column":27}},"18":{"start":{"line":58,"column":8},"end":{"line":58,"column":76}},"19":{"start":{"line":62,"column":19},"end":{"line":84,"column":1}},"20":{"start":{"line":63,"column":20},"end":{"line":63,"column":41}},"21":{"start":{"line":64,"column":27},"end":{"line":64,"column":62}},"22":{"start":{"line":65,"column":29},"end":{"line":65,"column":87}},"23":{"start":{"line":65,"column":55},"end":{"line":65,"column":86}},"24":{"start":{"line":66,"column":4},"end":{"line":68,"column":5}},"25":{"start":{"line":67,"column":8},"end":{"line":67,"column":72}},"26":{"start":{"line":69,"column":4},"end":{"line":83,"column":5}},"27":{"start":{"line":70,"column":8},"end":{"line":72,"column":9}},"28":{"start":{"line":71,"column":12},"end":{"line":71,"column":76}},"29":{"start":{"line":73,"column":21},"end":{"line":73,"column":68}},"30":{"start":{"line":74,"column":8},"end":{"line":76,"column":9}},"31":{"start":{"line":75,"column":12},"end":{"line":75,"column":93}},"32":{"start":{"line":77,"column":8},"end":{"line":77,"column":71}},"33":{"start":{"line":77,"column":37},"end":{"line":77,"column":68}},"34":{"start":{"line":78,"column":23},"end":{"line":78,"column":40}},"35":{"start":{"line":79,"column":8},"end":{"line":79,"column":25}},"36":{"start":{"line":81,"column":8},"end":{"line":81,"column":27}},"37":{"start":{"line":82,"column":8},"end":{"line":82,"column":76}},"38":{"start":{"line":86,"column":19},"end":{"line":95,"column":1}},"39":{"start":{"line":87,"column":4},"end":{"line":94,"column":5}},"40":{"start":{"line":88,"column":19},"end":{"line":88,"column":32}},"41":{"start":{"line":89,"column":8},"end":{"line":89,"column":48}},"42":{"start":{"line":90,"column":8},"end":{"line":90,"column":28}},"43":{"start":{"line":92,"column":8},"end":{"line":92,"column":27}},"44":{"start":{"line":93,"column":8},"end":{"line":93,"column":76}},"45":{"start":{"line":97,"column":16},"end":{"line":111,"column":1}},"46":{"start":{"line":98,"column":4},"end":{"line":110,"column":5}},"47":{"start":{"line":99,"column":8},"end":{"line":101,"column":9}},"48":{"start":{"line":100,"column":12},"end":{"line":100,"column":76}},"49":{"start":{"line":102,"column":21},"end":{"line":102,"column":68}},"50":{"start":{"line":103,"column":8},"end":{"line":105,"column":9}},"51":{"start":{"line":104,"column":12},"end":{"line":104,"column":93}},"52":{"start":{"line":106,"column":8},"end":{"line":106,"column":23}},"53":{"start":{"line":108,"column":8},"end":{"line":108,"column":27}},"54":{"start":{"line":109,"column":8},"end":{"line":109,"column":76}},"55":{"start":{"line":113,"column":0},"end":{"line":121,"column":1}}},"fnMap":{"0":{"name":"(anonymous_0)","decl":{"start":{"line":31,"column":20},"end":{"line":31,"column":21}},"loc":{"start":{"line":31,"column":40},"end":{"line":42,"column":1}},"line":31},"1":{"name":"(anonymous_1)","decl":{"start":{"line":44,"column":22},"end":{"line":44,"column":23}},"loc":{"start":{"line":44,"column":42},"end":{"line":60,"column":1}},"line":44},"2":{"name":"(anonymous_2)","decl":{"start":{"line":62,"column":19},"end":{"line":62,"column":20}},"loc":{"start":{"line":62,"column":39},"end":{"line":84,"column":1}},"line":62},"3":{"name":"(anonymous_3)","decl":{"start":{"line":65,"column":43},"end":{"line":65,"column":44}},"loc":{"start":{"line":65,"column":55},"end":{"line":65,"column":86}},"line":65},"4":{"name":"(anonymous_4)","decl":{"start":{"line":77,"column":24},"end":{"line":77,"column":25}},"loc":{"start":{"line":77,"column":37},"end":{"line":77,"column":68}},"line":77},"5":{"name":"(anonymous_5)","decl":{"start":{"line":86,"column":19},"end":{"line":86,"column":20}},"loc":{"start":{"line":86,"column":39},"end":{"line":95,"column":1}},"line":86},"6":{"name":"(anonymous_6)","decl":{"start":{"line":97,"column":16},"end":{"line":97,"column":17}},"loc":{"start":{"line":97,"column":36},"end":{"line":111,"column":1}},"line":97}},"branchMap":{"0":{"loc":{"start":{"line":34,"column":8},"end":{"line":36,"column":9}},"type":"if","locations":[{"start":{"line":34,"column":8},"end":{"line":36,"column":9}},{"start":{},"end":{}}],"line":34},"1":{"loc":{"start":{"line":45,"column":4},"end":{"line":47,"column":5}},"type":"if","locations":[{"start":{"line":45,"column":4},"end":{"line":47,"column":5}},{"start":{},"end":{}}],"line":45},"2":{"loc":{"start":{"line":45,"column":8},"end":{"line":45,"column":119}},"type":"binary-expr","locations":[{"start":{"line":45,"column":8},"end":{"line":45,"column":24}},{"start":{"line":45,"column":28},"end":{"line":45,"column":51}},{"start":{"line":45,"column":55},"end":{"line":45,"column":75}},{"start":{"line":45,"column":79},"end":{"line":45,"column":99}},{"start":{"line":45,"column":103},"end":{"line":45,"column":119}}],"line":45},"3":{"loc":{"start":{"line":66,"column":4},"end":{"line":68,"column":5}},"type":"if","locations":[{"start":{"line":66,"column":4},"end":{"line":68,"column":5}},{"start":{},"end":{}}],"line":66},"4":{"loc":{"start":{"line":70,"column":8},"end":{"line":72,"column":9}},"type":"if","locations":[{"start":{"line":70,"column":8},"end":{"line":72,"column":9}},{"start":{},"end":{}}],"line":70},"5":{"loc":{"start":{"line":74,"column":8},"end":{"line":76,"column":9}},"type":"if","locations":[{"start":{"line":74,"column":8},"end":{"line":76,"column":9}},{"start":{},"end":{}}],"line":74},"6":{"loc":{"start":{"line":99,"column":8},"end":{"line":101,"column":9}},"type":"if","locations":[{"start":{"line":99,"column":8},"end":{"line":101,"column":9}},{"start":{},"end":{}}],"line":99},"7":{"loc":{"start":{"line":103,"column":8},"end":{"line":105,"column":9}},"type":"if","locations":[{"start":{"line":103,"column":8},"end":{"line":105,"column":9}},{"start":{},"end":{}}],"line":103}},"s":{"0":1,"1":1,"2":1,"3":1,"4":1,"5":1,"6":0,"7":1,"8":0,"9":0,"10":1,"11":0,"12":0,"13":0,"14":0,"15":0,"16":0,"17":0,"18":0,"19":1,"20":0,"21":0,"22":0,"23":0,"24":0,"25":0,"26":0,"27":0,"28":0,"29":0,"30":0,"31":0,"32":0,"33":0,"34":0,"35":0,"36":0,"37":0,"38":1,"39":0,"40":0,"41":0,"42":0,"43":0,"44":0,"45":1,"46":0,"47":0,"48":0,"49":0,"50":0,"51":0,"52":0,"53":0,"54":0,"55":1},"f":{"0":1,"1":0,"2":0,"3":0,"4":0,"5":0,"6":0},"b":{"0":[0,1],"1":[0,0],"2":[0,0,0,0,0],"3":[0,0],"4":[0,0],"5":[0,0],"6":[0,0],"7":[0,0]},"_coverageSchema":"1a1c01bbd47fc00a2c39e90264f33305004495a9","hash":"a76d97067ae44ff50bff0f111285dc82459a15b8"}
,"/Users/pearlynn/taskmaster/backend/controllers/usersController.js": {"path":"/Users/pearlynn/taskmaster/backend/controllers/usersController.js","statementMap":{"0":{"start":{"line":1,"column":13},"end":{"line":1,"column":37}},"1":{"start":{"line":3,"column":20},"end":{"line":9,"column":1}},"2":{"start":{"line":4,"column":18},"end":{"line":4,"column":35}},"3":{"start":{"line":5,"column":4},"end":{"line":7,"column":5}},"4":{"start":{"line":6,"column":8},"end":{"line":6,"column":69}},"5":{"start":{"line":8,"column":4},"end":{"line":8,"column":20}},"6":{"start":{"line":11,"column":19},"end":{"line":21,"column":1}},"7":{"start":{"line":12,"column":4},"end":{"line":14,"column":5}},"8":{"start":{"line":13,"column":8},"end":{"line":13,"column":71}},"9":{"start":{"line":15,"column":17},"end":{"line":15,"column":64}},"10":{"start":{"line":16,"column":4},"end":{"line":18,"column":5}},"11":{"start":{"line":17,"column":8},"end":{"line":17,"column":87}},"12":{"start":{"line":19,"column":19},"end":{"line":19,"column":61}},"13":{"start":{"line":20,"column":4},"end":{"line":20,"column":21}},"14":{"start":{"line":23,"column":16},"end":{"line":32,"column":1}},"15":{"start":{"line":24,"column":4},"end":{"line":26,"column":5}},"16":{"start":{"line":25,"column":8},"end":{"line":25,"column":71}},"17":{"start":{"line":27,"column":17},"end":{"line":27,"column":66}},"18":{"start":{"line":28,"column":4},"end":{"line":30,"column":5}},"19":{"start":{"line":29,"column":8},"end":{"line":29,"column":89}},"20":{"start":{"line":31,"column":4},"end":{"line":31,"column":19}},"21":{"start":{"line":34,"column":0},"end":{"line":38,"column":1}}},"fnMap":{"0":{"name":"(anonymous_0)","decl":{"start":{"line":3,"column":20},"end":{"line":3,"column":21}},"loc":{"start":{"line":3,"column":40},"end":{"line":9,"column":1}},"line":3},"1":{"name":"(anonymous_1)","decl":{"start":{"line":11,"column":19},"end":{"line":11,"column":20}},"loc":{"start":{"line":11,"column":39},"end":{"line":21,"column":1}},"line":11},"2":{"name":"(anonymous_2)","decl":{"start":{"line":23,"column":16},"end":{"line":23,"column":17}},"loc":{"start":{"line":23,"column":36},"end":{"line":32,"column":1}},"line":23}},"branchMap":{"0":{"loc":{"start":{"line":5,"column":4},"end":{"line":7,"column":5}},"type":"if","locations":[{"start":{"line":5,"column":4},"end":{"line":7,"column":5}},{"start":{},"end":{}}],"line":5},"1":{"loc":{"start":{"line":12,"column":4},"end":{"line":14,"column":5}},"type":"if","locations":[{"start":{"line":12,"column":4},"end":{"line":14,"column":5}},{"start":{},"end":{}}],"line":12},"2":{"loc":{"start":{"line":16,"column":4},"end":{"line":18,"column":5}},"type":"if","locations":[{"start":{"line":16,"column":4},"end":{"line":18,"column":5}},{"start":{},"end":{}}],"line":16},"3":{"loc":{"start":{"line":24,"column":4},"end":{"line":26,"column":5}},"type":"if","locations":[{"start":{"line":24,"column":4},"end":{"line":26,"column":5}},{"start":{},"end":{}}],"line":24},"4":{"loc":{"start":{"line":28,"column":4},"end":{"line":30,"column":5}},"type":"if","locations":[{"start":{"line":28,"column":4},"end":{"line":30,"column":5}},{"start":{},"end":{}}],"line":28}},"s":{"0":1,"1":1,"2":1,"3":1,"4":0,"5":1,"6":1,"7":0,"8":0,"9":0,"10":0,"11":0,"12":0,"13":0,"14":1,"15":1,"16":0,"17":1,"18":1,"19":0,"20":1,"21":1},"f":{"0":1,"1":0,"2":1},"b":{"0":[0,1],"1":[0,0],"2":[0,0],"3":[0,1],"4":[0,1]},"_coverageSchema":"1a1c01bbd47fc00a2c39e90264f33305004495a9","hash":"58724d6bf4e2c3a10b410a206983d3bde865e937"}
,"/Users/pearlynn/taskmaster/backend/middleware/credentials.js": {"path":"/Users/pearlynn/taskmaster/backend/middleware/credentials.js","statementMap":{"0":{"start":{"line":1,"column":23},"end":{"line":1,"column":58}},"1":{"start":{"line":3,"column":20},"end":{"line":9,"column":1}},"2":{"start":{"line":4,"column":19},"end":{"line":4,"column":37}},"3":{"start":{"line":5,"column":4},"end":{"line":7,"column":5}},"4":{"start":{"line":6,"column":8},"end":{"line":6,"column":61}},"5":{"start":{"line":8,"column":4},"end":{"line":8,"column":11}},"6":{"start":{"line":11,"column":0},"end":{"line":11,"column":29}}},"fnMap":{"0":{"name":"(anonymous_0)","decl":{"start":{"line":3,"column":20},"end":{"line":3,"column":21}},"loc":{"start":{"line":3,"column":40},"end":{"line":9,"column":1}},"line":3}},"branchMap":{"0":{"loc":{"start":{"line":5,"column":4},"end":{"line":7,"column":5}},"type":"if","locations":[{"start":{"line":5,"column":4},"end":{"line":7,"column":5}},{"start":{},"end":{}}],"line":5}},"s":{"0":1,"1":1,"2":8,"3":8,"4":0,"5":8,"6":1},"f":{"0":8},"b":{"0":[0,8]},"_coverageSchema":"1a1c01bbd47fc00a2c39e90264f33305004495a9","hash":"18442c1f37c05526702c768b22eccd5df6f4d57e"}
,"/Users/pearlynn/taskmaster/backend/middleware/errorHandler.js": {"path":"/Users/pearlynn/taskmaster/backend/middleware/errorHandler.js","statementMap":{"0":{"start":{"line":1,"column":22},"end":{"line":1,"column":44}},"1":{"start":{"line":3,"column":21},"end":{"line":7,"column":1}},"2":{"start":{"line":4,"column":4},"end":{"line":4,"column":59}},"3":{"start":{"line":5,"column":4},"end":{"line":5,"column":28}},"4":{"start":{"line":6,"column":4},"end":{"line":6,"column":38}},"5":{"start":{"line":9,"column":0},"end":{"line":9,"column":30}}},"fnMap":{"0":{"name":"(anonymous_0)","decl":{"start":{"line":3,"column":21},"end":{"line":3,"column":22}},"loc":{"start":{"line":3,"column":46},"end":{"line":7,"column":1}},"line":3}},"branchMap":{},"s":{"0":1,"1":1,"2":0,"3":0,"4":0,"5":1},"f":{"0":0},"b":{},"_coverageSchema":"1a1c01bbd47fc00a2c39e90264f33305004495a9","hash":"e99561773ee8176d3938a56927c571ee802fcc84"}
,"/Users/pearlynn/taskmaster/backend/middleware/logEvents.js": {"path":"/Users/pearlynn/taskmaster/backend/middleware/logEvents.js","statementMap":{"0":{"start":{"line":1,"column":19},"end":{"line":1,"column":38}},"1":{"start":{"line":2,"column":21},"end":{"line":2,"column":36}},"2":{"start":{"line":4,"column":11},"end":{"line":4,"column":24}},"3":{"start":{"line":5,"column":19},"end":{"line":5,"column":41}},"4":{"start":{"line":6,"column":13},"end":{"line":6,"column":28}},"5":{"start":{"line":8,"column":18},"end":{"line":21,"column":1}},"6":{"start":{"line":9,"column":21},"end":{"line":9,"column":66}},"7":{"start":{"line":10,"column":20},"end":{"line":10,"column":58}},"8":{"start":{"line":12,"column":4},"end":{"line":20,"column":5}},"9":{"start":{"line":13,"column":8},"end":{"line":15,"column":9}},"10":{"start":{"line":14,"column":12},"end":{"line":14,"column":71}},"11":{"start":{"line":17,"column":8},"end":{"line":17,"column":90}},"12":{"start":{"line":19,"column":8},"end":{"line":19,"column":25}},"13":{"start":{"line":23,"column":15},"end":{"line":27,"column":1}},"14":{"start":{"line":24,"column":4},"end":{"line":24,"column":80}},"15":{"start":{"line":25,"column":4},"end":{"line":25,"column":45}},"16":{"start":{"line":26,"column":4},"end":{"line":26,"column":11}},"17":{"start":{"line":29,"column":0},"end":{"line":29,"column":39}}},"fnMap":{"0":{"name":"(anonymous_0)","decl":{"start":{"line":8,"column":18},"end":{"line":8,"column":19}},"loc":{"start":{"line":8,"column":46},"end":{"line":21,"column":1}},"line":8},"1":{"name":"(anonymous_1)","decl":{"start":{"line":23,"column":15},"end":{"line":23,"column":16}},"loc":{"start":{"line":23,"column":35},"end":{"line":27,"column":1}},"line":23}},"branchMap":{"0":{"loc":{"start":{"line":13,"column":8},"end":{"line":15,"column":9}},"type":"if","locations":[{"start":{"line":13,"column":8},"end":{"line":15,"column":9}},{"start":{},"end":{}}],"line":13}},"s":{"0":1,"1":1,"2":1,"3":1,"4":1,"5":1,"6":8,"7":8,"8":8,"9":8,"10":0,"11":8,"12":0,"13":1,"14":8,"15":8,"16":8,"17":1},"f":{"0":8,"1":8},"b":{"0":[0,8]},"_coverageSchema":"1a1c01bbd47fc00a2c39e90264f33305004495a9","hash":"b87c5a0f746f5be06e154dc2cab2b66fcb4c5ca1"}
,"/Users/pearlynn/taskmaster/backend/middleware/verifyJWT.js": {"path":"/Users/pearlynn/taskmaster/backend/middleware/verifyJWT.js","statementMap":{"0":{"start":{"line":1,"column":12},"end":{"line":1,"column":35}},"1":{"start":{"line":3,"column":18},"end":{"line":20,"column":1}},"2":{"start":{"line":4,"column":23},"end":{"line":4,"column":77}},"3":{"start":{"line":5,"column":4},"end":{"line":7,"column":5}},"4":{"start":{"line":6,"column":8},"end":{"line":6,"column":35}},"5":{"start":{"line":8,"column":18},"end":{"line":8,"column":42}},"6":{"start":{"line":9,"column":4},"end":{"line":19,"column":6}},"7":{"start":{"line":13,"column":12},"end":{"line":15,"column":13}},"8":{"start":{"line":14,"column":16},"end":{"line":14,"column":43}},"9":{"start":{"line":16,"column":12},"end":{"line":16,"column":49}},"10":{"start":{"line":17,"column":12},"end":{"line":17,"column":19}},"11":{"start":{"line":22,"column":0},"end":{"line":22,"column":26}}},"fnMap":{"0":{"name":"(anonymous_0)","decl":{"start":{"line":3,"column":18},"end":{"line":3,"column":19}},"loc":{"start":{"line":3,"column":38},"end":{"line":20,"column":1}},"line":3},"1":{"name":"(anonymous_1)","decl":{"start":{"line":12,"column":8},"end":{"line":12,"column":9}},"loc":{"start":{"line":12,"column":26},"end":{"line":18,"column":9}},"line":12}},"branchMap":{"0":{"loc":{"start":{"line":4,"column":23},"end":{"line":4,"column":77}},"type":"binary-expr","locations":[{"start":{"line":4,"column":23},"end":{"line":4,"column":48}},{"start":{"line":4,"column":52},"end":{"line":4,"column":77}}],"line":4},"1":{"loc":{"start":{"line":5,"column":4},"end":{"line":7,"column":5}},"type":"if","locations":[{"start":{"line":5,"column":4},"end":{"line":7,"column":5}},{"start":{},"end":{}}],"line":5},"2":{"loc":{"start":{"line":13,"column":12},"end":{"line":15,"column":13}},"type":"if","locations":[{"start":{"line":13,"column":12},"end":{"line":15,"column":13}},{"start":{},"end":{}}],"line":13}},"s":{"0":1,"1":1,"2":4,"3":4,"4":0,"5":4,"6":4,"7":4,"8":0,"9":4,"10":4,"11":1},"f":{"0":4,"1":4},"b":{"0":[4,0],"1":[0,4],"2":[0,4]},"_coverageSchema":"1a1c01bbd47fc00a2c39e90264f33305004495a9","hash":"a731cbb2a2290f2d113329b1207f4e98d4976581"}
,"/Users/pearlynn/taskmaster/backend/model/Project.js": {"path":"/Users/pearlynn/taskmaster/backend/model/Project.js","statementMap":{"0":{"start":{"line":1,"column":17},"end":{"line":1,"column":36}},"1":{"start":{"line":2,"column":15},"end":{"line":2,"column":30}},"2":{"start":{"line":4,"column":22},"end":{"line":31,"column":1}},"3":{"start":{"line":33,"column":0},"end":{"line":33,"column":58}}},"fnMap":{},"branchMap":{},"s":{"0":1,"1":1,"2":1,"3":1},"f":{},"b":{},"_coverageSchema":"1a1c01bbd47fc00a2c39e90264f33305004495a9","hash":"4c9eb5b313d8a2d81d52b6bca988e3c0eba33a55"}
,"/Users/pearlynn/taskmaster/backend/model/Task.js": {"path":"/Users/pearlynn/taskmaster/backend/model/Task.js","statementMap":{"0":{"start":{"line":1,"column":17},"end":{"line":1,"column":36}},"1":{"start":{"line":2,"column":15},"end":{"line":2,"column":30}},"2":{"start":{"line":4,"column":19},"end":{"line":39,"column":1}},"3":{"start":{"line":41,"column":0},"end":{"line":41,"column":52}}},"fnMap":{},"branchMap":{},"s":{"0":1,"1":1,"2":1,"3":1},"f":{},"b":{},"_coverageSchema":"1a1c01bbd47fc00a2c39e90264f33305004495a9","hash":"b82e7affb1b9eae36c7343249dde941f9b2dceb6"}
,"/Users/pearlynn/taskmaster/backend/model/User.js": {"path":"/Users/pearlynn/taskmaster/backend/model/User.js","statementMap":{"0":{"start":{"line":1,"column":17},"end":{"line":1,"column":36}},"1":{"start":{"line":2,"column":15},"end":{"line":2,"column":30}},"2":{"start":{"line":4,"column":19},"end":{"line":14,"column":2}},"3":{"start":{"line":16,"column":0},"end":{"line":16,"column":52}}},"fnMap":{},"branchMap":{},"s":{"0":1,"1":1,"2":1,"3":1},"f":{},"b":{},"_coverageSchema":"1a1c01bbd47fc00a2c39e90264f33305004495a9","hash":"991fbe51d402d67295995c1c7e4bd1137fbcd1ef"}
,"/Users/pearlynn/taskmaster/backend/routes/login.js": {"path":"/Users/pearlynn/taskmaster/backend/routes/login.js","statementMap":{"0":{"start":{"line":1,"column":16},"end":{"line":1,"column":34}},"1":{"start":{"line":2,"column":15},"end":{"line":2,"column":31}},"2":{"start":{"line":3,"column":24},"end":{"line":3,"column":65}},"3":{"start":{"line":5,"column":0},"end":{"line":5,"column":46}},"4":{"start":{"line":7,"column":0},"end":{"line":7,"column":24}}},"fnMap":{},"branchMap":{},"s":{"0":1,"1":1,"2":1,"3":1,"4":1},"f":{},"b":{},"_coverageSchema":"1a1c01bbd47fc00a2c39e90264f33305004495a9","hash":"2d81c555d018783f6d0131bcd79743b1a6144de0"}
,"/Users/pearlynn/taskmaster/backend/routes/logout.js": {"path":"/Users/pearlynn/taskmaster/backend/routes/logout.js","statementMap":{"0":{"start":{"line":1,"column":16},"end":{"line":1,"column":34}},"1":{"start":{"line":2,"column":15},"end":{"line":2,"column":31}},"2":{"start":{"line":3,"column":25},"end":{"line":3,"column":67}},"3":{"start":{"line":5,"column":0},"end":{"line":5,"column":47}},"4":{"start":{"line":7,"column":0},"end":{"line":7,"column":24}}},"fnMap":{},"branchMap":{},"s":{"0":1,"1":1,"2":1,"3":1,"4":1},"f":{},"b":{},"_coverageSchema":"1a1c01bbd47fc00a2c39e90264f33305004495a9","hash":"af01053e6547272e19c4e396b8d19d09cb8cb01d"}
,"/Users/pearlynn/taskmaster/backend/routes/project.js": {"path":"/Users/pearlynn/taskmaster/backend/routes/project.js","statementMap":{"0":{"start":{"line":1,"column":16},"end":{"line":1,"column":34}},"1":{"start":{"line":2,"column":15},"end":{"line":2,"column":31}},"2":{"start":{"line":3,"column":27},"end":{"line":3,"column":71}},"3":{"start":{"line":5,"column":0},"end":{"line":5,"column":54}},"4":{"start":{"line":7,"column":0},"end":{"line":7,"column":24}}},"fnMap":{},"branchMap":{},"s":{"0":1,"1":1,"2":1,"3":1,"4":1},"f":{},"b":{},"_coverageSchema":"1a1c01bbd47fc00a2c39e90264f33305004495a9","hash":"40e21a342ecde1bbd596f9b9edd5db3030d2330a"}
,"/Users/pearlynn/taskmaster/backend/routes/refresh.js": {"path":"/Users/pearlynn/taskmaster/backend/routes/refresh.js","statementMap":{"0":{"start":{"line":1,"column":16},"end":{"line":1,"column":34}},"1":{"start":{"line":2,"column":15},"end":{"line":2,"column":31}},"2":{"start":{"line":3,"column":31},"end":{"line":3,"column":79}},"3":{"start":{"line":5,"column":0},"end":{"line":5,"column":59}},"4":{"start":{"line":7,"column":0},"end":{"line":7,"column":24}}},"fnMap":{},"branchMap":{},"s":{"0":1,"1":1,"2":1,"3":1,"4":1},"f":{},"b":{},"_coverageSchema":"1a1c01bbd47fc00a2c39e90264f33305004495a9","hash":"34f13b0f9d6b3bb879cbef1e67d2cb305cf08a6d"}
,"/Users/pearlynn/taskmaster/backend/routes/register.js": {"path":"/Users/pearlynn/taskmaster/backend/routes/register.js","statementMap":{"0":{"start":{"line":1,"column":16},"end":{"line":1,"column":34}},"1":{"start":{"line":2,"column":15},"end":{"line":2,"column":31}},"2":{"start":{"line":3,"column":27},"end":{"line":3,"column":71}},"3":{"start":{"line":5,"column":0},"end":{"line":5,"column":52}},"4":{"start":{"line":7,"column":0},"end":{"line":7,"column":24}}},"fnMap":{},"branchMap":{},"s":{"0":1,"1":1,"2":1,"3":1,"4":1},"f":{},"b":{},"_coverageSchema":"1a1c01bbd47fc00a2c39e90264f33305004495a9","hash":"73d227a221aae51e6ff70dff26132ea695229a20"}
,"/Users/pearlynn/taskmaster/backend/routes/root.js": {"path":"/Users/pearlynn/taskmaster/backend/routes/root.js","statementMap":{"0":{"start":{"line":1,"column":16},"end":{"line":1,"column":34}},"1":{"start":{"line":2,"column":15},"end":{"line":2,"column":31}},"2":{"start":{"line":3,"column":13},"end":{"line":3,"column":28}},"3":{"start":{"line":5,"column":0},"end":{"line":7,"column":3}},"4":{"start":{"line":6,"column":4},"end":{"line":6,"column":68}},"5":{"start":{"line":9,"column":0},"end":{"line":9,"column":24}}},"fnMap":{"0":{"name":"(anonymous_0)","decl":{"start":{"line":5,"column":33},"end":{"line":5,"column":34}},"loc":{"start":{"line":5,"column":47},"end":{"line":7,"column":1}},"line":5}},"branchMap":{},"s":{"0":1,"1":1,"2":1,"3":1,"4":0,"5":1},"f":{"0":0},"b":{},"_coverageSchema":"1a1c01bbd47fc00a2c39e90264f33305004495a9","hash":"000f1cd0981968783698be94e46bcf54074a4c15"}
,"/Users/pearlynn/taskmaster/backend/routes/task.js": {"path":"/Users/pearlynn/taskmaster/backend/routes/task.js","statementMap":{"0":{"start":{"line":1,"column":16},"end":{"line":1,"column":34}},"1":{"start":{"line":2,"column":15},"end":{"line":2,"column":31}},"2":{"start":{"line":3,"column":24},"end":{"line":3,"column":65}},"3":{"start":{"line":5,"column":0},"end":{"line":5,"column":48}},"4":{"start":{"line":7,"column":0},"end":{"line":7,"column":24}}},"fnMap":{},"branchMap":{},"s":{"0":1,"1":1,"2":1,"3":1,"4":1},"f":{},"b":{},"_coverageSchema":"1a1c01bbd47fc00a2c39e90264f33305004495a9","hash":"09169ccc3ad70280787ebd44490dd71509c9f2ef"}
,"/Users/pearlynn/taskmaster/backend/routes/api/projects.js": {"path":"/Users/pearlynn/taskmaster/backend/routes/api/projects.js","statementMap":{"0":{"start":{"line":1,"column":16},"end":{"line":1,"column":34}},"1":{"start":{"line":2,"column":15},"end":{"line":2,"column":31}},"2":{"start":{"line":3,"column":27},"end":{"line":3,"column":74}},"3":{"start":{"line":5,"column":0},"end":{"line":7,"column":47}},"4":{"start":{"line":9,"column":0},"end":{"line":12,"column":46}},"5":{"start":{"line":14,"column":0},"end":{"line":14,"column":24}}},"fnMap":{},"branchMap":{},"s":{"0":1,"1":1,"2":1,"3":1,"4":1,"5":1},"f":{},"b":{},"_coverageSchema":"1a1c01bbd47fc00a2c39e90264f33305004495a9","hash":"398ba3a9e65bf98926e6d2b94e0dd782b1f7523c"}
,"/Users/pearlynn/taskmaster/backend/routes/api/tasks.js": {"path":"/Users/pearlynn/taskmaster/backend/routes/api/tasks.js","statementMap":{"0":{"start":{"line":1,"column":16},"end":{"line":1,"column":34}},"1":{"start":{"line":2,"column":15},"end":{"line":2,"column":31}},"2":{"start":{"line":3,"column":24},"end":{"line":3,"column":68}},"3":{"start":{"line":5,"column":0},"end":{"line":9,"column":41}},"4":{"start":{"line":11,"column":0},"end":{"line":14,"column":40}},"5":{"start":{"line":16,"column":0},"end":{"line":16,"column":24}}},"fnMap":{},"branchMap":{},"s":{"0":1,"1":1,"2":1,"3":1,"4":1,"5":1},"f":{},"b":{},"_coverageSchema":"1a1c01bbd47fc00a2c39e90264f33305004495a9","hash":"6f2c0d52dfa55ddc82ea55aa87c5d99062892b05"}
,"/Users/pearlynn/taskmaster/backend/routes/api/users.js": {"path":"/Users/pearlynn/taskmaster/backend/routes/api/users.js","statementMap":{"0":{"start":{"line":1,"column":16},"end":{"line":1,"column":34}},"1":{"start":{"line":2,"column":15},"end":{"line":2,"column":31}},"2":{"start":{"line":3,"column":24},"end":{"line":3,"column":68}},"3":{"start":{"line":5,"column":0},"end":{"line":7,"column":40}},"4":{"start":{"line":9,"column":0},"end":{"line":10,"column":34}},"5":{"start":{"line":12,"column":0},"end":{"line":12,"column":24}}},"fnMap":{},"branchMap":{},"s":{"0":1,"1":1,"2":1,"3":1,"4":1,"5":1},"f":{},"b":{},"_coverageSchema":"1a1c01bbd47fc00a2c39e90264f33305004495a9","hash":"cbce04203349bb3d5101b6ac3ed3ff396f535416"}
}
